{"C:\\Users\\malin\\Chalmers\\DAT257\\Agile-project-\\static\\location-data.js": {"path":"C:\\Users\\malin\\Chalmers\\DAT257\\Agile-project-\\static\\location-data.js","statementMap":{"0":{"start":{"line":5,"column":8},"end":{"line":5,"column":25}},"1":{"start":{"line":6,"column":8},"end":{"line":6,"column":37}},"2":{"start":{"line":7,"column":8},"end":{"line":7,"column":39}},"3":{"start":{"line":10,"column":8},"end":{"line":10,"column":62}},"4":{"start":{"line":13,"column":28},"end":{"line":13,"column":43}},"5":{"start":{"line":14,"column":8},"end":{"line":14,"column":54}},"6":{"start":{"line":17,"column":8},"end":{"line":17,"column":49}},"7":{"start":{"line":20,"column":8},"end":{"line":20,"column":74}},"8":{"start":{"line":23,"column":8},"end":{"line":23,"column":33}},"9":{"start":{"line":28,"column":21},"end":{"line":28,"column":109}},"10":{"start":{"line":29,"column":20},"end":{"line":29,"column":41}},"11":{"start":{"line":30,"column":4},"end":{"line":30,"column":40}},"12":{"start":{"line":34,"column":21},"end":{"line":34,"column":70}},"13":{"start":{"line":35,"column":20},"end":{"line":35,"column":41}},"14":{"start":{"line":36,"column":4},"end":{"line":36,"column":37}},"15":{"start":{"line":40,"column":15},"end":{"line":40,"column":45}},"16":{"start":{"line":41,"column":15},"end":{"line":41,"column":33}},"17":{"start":{"line":42,"column":16},"end":{"line":42,"column":33}},"18":{"start":{"line":43,"column":14},"end":{"line":43,"column":28}},"19":{"start":{"line":44,"column":16},"end":{"line":44,"column":31}},"20":{"start":{"line":45,"column":18},"end":{"line":45,"column":35}},"21":{"start":{"line":46,"column":18},"end":{"line":46,"column":35}},"22":{"start":{"line":49,"column":8},"end":{"line":51,"column":9}},"23":{"start":{"line":50,"column":12},"end":{"line":50,"column":40}},"24":{"start":{"line":52,"column":8},"end":{"line":52,"column":25}},"25":{"start":{"line":56,"column":4},"end":{"line":56,"column":31}},"26":{"start":{"line":57,"column":4},"end":{"line":57,"column":27}},"27":{"start":{"line":58,"column":4},"end":{"line":58,"column":31}},"28":{"start":{"line":59,"column":4},"end":{"line":59,"column":35}},"29":{"start":{"line":60,"column":4},"end":{"line":60,"column":35}},"30":{"start":{"line":62,"column":24},"end":{"line":62,"column":80}},"31":{"start":{"line":63,"column":4},"end":{"line":63,"column":25}},"32":{"start":{"line":69,"column":21},"end":{"line":69,"column":68}},"33":{"start":{"line":70,"column":20},"end":{"line":70,"column":41}},"34":{"start":{"line":71,"column":4},"end":{"line":71,"column":42}},"35":{"start":{"line":77,"column":18},"end":{"line":77,"column":19}},"36":{"start":{"line":78,"column":21},"end":{"line":78,"column":81}},"37":{"start":{"line":79,"column":20},"end":{"line":79,"column":41}},"38":{"start":{"line":80,"column":18},"end":{"line":80,"column":27}},"39":{"start":{"line":81,"column":4},"end":{"line":83,"column":5}},"40":{"start":{"line":82,"column":8},"end":{"line":82,"column":125}},"41":{"start":{"line":84,"column":4},"end":{"line":84,"column":19}},"42":{"start":{"line":89,"column":4},"end":{"line":89,"column":25}},"43":{"start":{"line":90,"column":4},"end":{"line":90,"column":25}},"44":{"start":{"line":91,"column":21},"end":{"line":91,"column":79}},"45":{"start":{"line":92,"column":20},"end":{"line":92,"column":41}},"46":{"start":{"line":93,"column":4},"end":{"line":93,"column":27}},"47":{"start":{"line":98,"column":4},"end":{"line":98,"column":25}},"48":{"start":{"line":99,"column":4},"end":{"line":99,"column":25}},"49":{"start":{"line":100,"column":21},"end":{"line":100,"column":79}},"50":{"start":{"line":101,"column":20},"end":{"line":101,"column":41}},"51":{"start":{"line":102,"column":4},"end":{"line":102,"column":50}},"52":{"start":{"line":109,"column":4},"end":{"line":122,"column":5}},"53":{"start":{"line":111,"column":12},"end":{"line":111,"column":39}},"54":{"start":{"line":113,"column":12},"end":{"line":113,"column":41}},"55":{"start":{"line":115,"column":12},"end":{"line":115,"column":44}},"56":{"start":{"line":117,"column":12},"end":{"line":117,"column":40}},"57":{"start":{"line":119,"column":12},"end":{"line":119,"column":45}},"58":{"start":{"line":121,"column":12},"end":{"line":121,"column":42}},"59":{"start":{"line":126,"column":4},"end":{"line":145,"column":5}},"60":{"start":{"line":128,"column":12},"end":{"line":128,"column":24}},"61":{"start":{"line":130,"column":12},"end":{"line":130,"column":25}},"62":{"start":{"line":132,"column":12},"end":{"line":132,"column":24}},"63":{"start":{"line":134,"column":12},"end":{"line":134,"column":25}},"64":{"start":{"line":136,"column":16},"end":{"line":136,"column":28}},"65":{"start":{"line":138,"column":16},"end":{"line":138,"column":30}},"66":{"start":{"line":140,"column":12},"end":{"line":140,"column":27}},"67":{"start":{"line":142,"column":12},"end":{"line":142,"column":25}},"68":{"start":{"line":144,"column":12},"end":{"line":144,"column":24}},"69":{"start":{"line":157,"column":0},"end":{"line":157,"column":150}}},"fnMap":{"0":{"name":"(anonymous_0)","decl":{"start":{"line":4,"column":4},"end":{"line":4,"column":5}},"loc":{"start":{"line":4,"column":67},"end":{"line":24,"column":5}},"line":4},"1":{"name":"getPollutionOpenAQ","decl":{"start":{"line":27,"column":15},"end":{"line":27,"column":33}},"loc":{"start":{"line":27,"column":52},"end":{"line":31,"column":1}},"line":27},"2":{"name":"getPollutionOpenWeather","decl":{"start":{"line":33,"column":15},"end":{"line":33,"column":38}},"loc":{"start":{"line":33,"column":48},"end":{"line":37,"column":1}},"line":33},"3":{"name":"formatTimeFromUnix","decl":{"start":{"line":39,"column":9},"end":{"line":39,"column":27}},"loc":{"start":{"line":39,"column":43},"end":{"line":64,"column":1}},"line":39},"4":{"name":"prependZero","decl":{"start":{"line":48,"column":13},"end":{"line":48,"column":24}},"loc":{"start":{"line":48,"column":35},"end":{"line":53,"column":5}},"line":48},"5":{"name":"geocode","decl":{"start":{"line":66,"column":15},"end":{"line":66,"column":22}},"loc":{"start":{"line":66,"column":25},"end":{"line":72,"column":1}},"line":66},"6":{"name":"geocodeMulti","decl":{"start":{"line":74,"column":15},"end":{"line":74,"column":27}},"loc":{"start":{"line":74,"column":30},"end":{"line":85,"column":1}},"line":74},"7":{"name":"reverseGeocode","decl":{"start":{"line":87,"column":15},"end":{"line":87,"column":29}},"loc":{"start":{"line":87,"column":38},"end":{"line":94,"column":1}},"line":87},"8":{"name":"reverseGeocodeStateCountry","decl":{"start":{"line":96,"column":15},"end":{"line":96,"column":41}},"loc":{"start":{"line":96,"column":50},"end":{"line":103,"column":1}},"line":96},"9":{"name":"getQualitativeValue","decl":{"start":{"line":105,"column":9},"end":{"line":105,"column":28}},"loc":{"start":{"line":105,"column":35},"end":{"line":123,"column":1}},"line":105},"10":{"name":"getFormattedPollutionName","decl":{"start":{"line":125,"column":9},"end":{"line":125,"column":34}},"loc":{"start":{"line":125,"column":41},"end":{"line":146,"column":1}},"line":125}},"branchMap":{"0":{"loc":{"start":{"line":49,"column":8},"end":{"line":51,"column":9}},"type":"if","locations":[{"start":{"line":49,"column":8},"end":{"line":51,"column":9}},{"start":{},"end":{}}],"line":49},"1":{"loc":{"start":{"line":109,"column":4},"end":{"line":122,"column":5}},"type":"switch","locations":[{"start":{"line":110,"column":8},"end":{"line":111,"column":39}},{"start":{"line":112,"column":8},"end":{"line":113,"column":41}},{"start":{"line":114,"column":8},"end":{"line":115,"column":44}},{"start":{"line":116,"column":8},"end":{"line":117,"column":40}},{"start":{"line":118,"column":8},"end":{"line":119,"column":45}},{"start":{"line":120,"column":8},"end":{"line":121,"column":42}}],"line":109},"2":{"loc":{"start":{"line":126,"column":4},"end":{"line":145,"column":5}},"type":"switch","locations":[{"start":{"line":127,"column":8},"end":{"line":128,"column":24}},{"start":{"line":129,"column":8},"end":{"line":130,"column":25}},{"start":{"line":131,"column":8},"end":{"line":132,"column":24}},{"start":{"line":133,"column":8},"end":{"line":134,"column":25}},{"start":{"line":135,"column":8},"end":{"line":136,"column":28}},{"start":{"line":137,"column":8},"end":{"line":138,"column":30}},{"start":{"line":139,"column":8},"end":{"line":140,"column":27}},{"start":{"line":141,"column":8},"end":{"line":142,"column":25}},{"start":{"line":143,"column":8},"end":{"line":144,"column":24}}],"line":126}},"s":{"0":0,"1":0,"2":0,"3":0,"4":0,"5":0,"6":0,"7":0,"8":0,"9":0,"10":0,"11":0,"12":0,"13":0,"14":0,"15":0,"16":0,"17":0,"18":0,"19":0,"20":0,"21":0,"22":0,"23":0,"24":0,"25":0,"26":0,"27":0,"28":0,"29":0,"30":0,"31":0,"32":0,"33":0,"34":0,"35":0,"36":0,"37":0,"38":0,"39":0,"40":0,"41":0,"42":0,"43":0,"44":0,"45":0,"46":0,"47":0,"48":0,"49":0,"50":0,"51":0,"52":0,"53":0,"54":0,"55":0,"56":0,"57":0,"58":0,"59":8,"60":1,"61":1,"62":1,"63":1,"64":1,"65":1,"66":1,"67":1,"68":0,"69":1},"f":{"0":0,"1":0,"2":0,"3":0,"4":0,"5":0,"6":0,"7":0,"8":0,"9":0,"10":8},"b":{"0":[0,0],"1":[0,0,0,0,0,0],"2":[1,1,1,1,1,1,1,1,0]},"_coverageSchema":"1a1c01bbd47fc00a2c39e90264f33305004495a9","hash":"22d65ca5dc74cc47215f1dc1a047a6de07211ea5"}
,"C:\\Users\\malin\\Chalmers\\DAT257\\Agile-project-\\static\\location-frame.js": {"path":"C:\\Users\\malin\\Chalmers\\DAT257\\Agile-project-\\static\\location-frame.js","statementMap":{"0":{"start":{"line":2,"column":38},"end":{"line":2,"column":64}},"1":{"start":{"line":3,"column":16},"end":{"line":3,"column":18}},"2":{"start":{"line":4,"column":18},"end":{"line":4,"column":23}},"3":{"start":{"line":5,"column":25},"end":{"line":5,"column":27}},"4":{"start":{"line":8,"column":4},"end":{"line":81,"column":7}},"5":{"start":{"line":9,"column":8},"end":{"line":80,"column":15}},"6":{"start":{"line":10,"column":30},"end":{"line":10,"column":45}},"7":{"start":{"line":12,"column":33},"end":{"line":12,"column":62}},"8":{"start":{"line":13,"column":16},"end":{"line":13,"column":48}},"9":{"start":{"line":14,"column":16},"end":{"line":14,"column":52}},"10":{"start":{"line":16,"column":16},"end":{"line":16,"column":42}},"11":{"start":{"line":18,"column":32},"end":{"line":18,"column":66}},"12":{"start":{"line":20,"column":32},"end":{"line":20,"column":68}},"13":{"start":{"line":23,"column":33},"end":{"line":23,"column":58}},"14":{"start":{"line":24,"column":16},"end":{"line":24,"column":57}},"15":{"start":{"line":27,"column":16},"end":{"line":31,"column":28}},"16":{"start":{"line":33,"column":16},"end":{"line":33,"column":100}},"17":{"start":{"line":35,"column":16},"end":{"line":35,"column":87}},"18":{"start":{"line":36,"column":43},"end":{"line":36,"column":100}},"19":{"start":{"line":37,"column":16},"end":{"line":49,"column":17}},"20":{"start":{"line":38,"column":20},"end":{"line":48,"column":21}},"21":{"start":{"line":51,"column":16},"end":{"line":51,"column":126}},"22":{"start":{"line":53,"column":32},"end":{"line":53,"column":79}},"23":{"start":{"line":54,"column":16},"end":{"line":57,"column":83}},"24":{"start":{"line":62,"column":36},"end":{"line":62,"column":89}},"25":{"start":{"line":63,"column":16},"end":{"line":65,"column":19}},"26":{"start":{"line":64,"column":20},"end":{"line":64,"column":44}},"27":{"start":{"line":67,"column":38},"end":{"line":67,"column":78}},"28":{"start":{"line":68,"column":16},"end":{"line":68,"column":72}},"29":{"start":{"line":70,"column":16},"end":{"line":70,"column":43}},"30":{"start":{"line":72,"column":16},"end":{"line":72,"column":57}},"31":{"start":{"line":75,"column":16},"end":{"line":75,"column":34}},"32":{"start":{"line":79,"column":16},"end":{"line":79,"column":30}},"33":{"start":{"line":86,"column":4},"end":{"line":86,"column":36}},"34":{"start":{"line":91,"column":4},"end":{"line":127,"column":11}},"35":{"start":{"line":92,"column":26},"end":{"line":92,"column":41}},"36":{"start":{"line":94,"column":29},"end":{"line":94,"column":58}},"37":{"start":{"line":95,"column":12},"end":{"line":95,"column":44}},"38":{"start":{"line":96,"column":12},"end":{"line":96,"column":48}},"39":{"start":{"line":98,"column":12},"end":{"line":98,"column":38}},"40":{"start":{"line":100,"column":28},"end":{"line":100,"column":62}},"41":{"start":{"line":102,"column":28},"end":{"line":102,"column":64}},"42":{"start":{"line":103,"column":12},"end":{"line":103,"column":42}},"43":{"start":{"line":105,"column":43},"end":{"line":105,"column":79}},"44":{"start":{"line":107,"column":30},"end":{"line":107,"column":80}},"45":{"start":{"line":109,"column":12},"end":{"line":113,"column":20}},"46":{"start":{"line":115,"column":28},"end":{"line":115,"column":75}},"47":{"start":{"line":116,"column":12},"end":{"line":116,"column":90}},"48":{"start":{"line":118,"column":32},"end":{"line":118,"column":85}},"49":{"start":{"line":119,"column":12},"end":{"line":121,"column":15}},"50":{"start":{"line":120,"column":16},"end":{"line":120,"column":40}},"51":{"start":{"line":123,"column":34},"end":{"line":123,"column":74}},"52":{"start":{"line":124,"column":12},"end":{"line":124,"column":68}},"53":{"start":{"line":126,"column":12},"end":{"line":126,"column":40}},"54":{"start":{"line":132,"column":22},"end":{"line":132,"column":24}},"55":{"start":{"line":134,"column":4},"end":{"line":274,"column":5}},"56":{"start":{"line":136,"column":12},"end":{"line":151,"column":19}},"57":{"start":{"line":152,"column":12},"end":{"line":152,"column":18}},"58":{"start":{"line":155,"column":12},"end":{"line":167,"column":19}},"59":{"start":{"line":168,"column":12},"end":{"line":168,"column":18}},"60":{"start":{"line":171,"column":12},"end":{"line":184,"column":19}},"61":{"start":{"line":185,"column":12},"end":{"line":185,"column":18}},"62":{"start":{"line":188,"column":12},"end":{"line":200,"column":19}},"63":{"start":{"line":201,"column":12},"end":{"line":201,"column":18}},"64":{"start":{"line":204,"column":12},"end":{"line":216,"column":19}},"65":{"start":{"line":217,"column":12},"end":{"line":217,"column":18}},"66":{"start":{"line":220,"column":12},"end":{"line":232,"column":19}},"67":{"start":{"line":233,"column":12},"end":{"line":233,"column":18}},"68":{"start":{"line":236,"column":12},"end":{"line":248,"column":19}},"69":{"start":{"line":249,"column":12},"end":{"line":249,"column":18}},"70":{"start":{"line":252,"column":12},"end":{"line":264,"column":19}},"71":{"start":{"line":265,"column":12},"end":{"line":265,"column":18}},"72":{"start":{"line":269,"column":12},"end":{"line":272,"column":19}},"73":{"start":{"line":273,"column":12},"end":{"line":273,"column":18}},"74":{"start":{"line":276,"column":4},"end":{"line":276,"column":23}},"75":{"start":{"line":281,"column":4},"end":{"line":287,"column":5}},"76":{"start":{"line":283,"column":8},"end":{"line":286,"column":9}},"77":{"start":{"line":284,"column":28},"end":{"line":284,"column":43}},"78":{"start":{"line":285,"column":12},"end":{"line":285,"column":32}},"79":{"start":{"line":291,"column":18},"end":{"line":291,"column":50}},"80":{"start":{"line":292,"column":4},"end":{"line":294,"column":5}},"81":{"start":{"line":293,"column":8},"end":{"line":293,"column":23}},"82":{"start":{"line":297,"column":21},"end":{"line":297,"column":46}},"83":{"start":{"line":298,"column":4},"end":{"line":301,"column":5}},"84":{"start":{"line":299,"column":8},"end":{"line":299,"column":25}},"85":{"start":{"line":300,"column":8},"end":{"line":300,"column":41}},"86":{"start":{"line":304,"column":18},"end":{"line":304,"column":44}},"87":{"start":{"line":305,"column":4},"end":{"line":307,"column":5}},"88":{"start":{"line":306,"column":8},"end":{"line":306,"column":35}},"89":{"start":{"line":311,"column":4},"end":{"line":311,"column":31}},"90":{"start":{"line":313,"column":4},"end":{"line":315,"column":5}},"91":{"start":{"line":314,"column":8},"end":{"line":314,"column":38}},"92":{"start":{"line":319,"column":4},"end":{"line":319,"column":61}},"93":{"start":{"line":320,"column":4},"end":{"line":320,"column":69}},"94":{"start":{"line":321,"column":4},"end":{"line":321,"column":62}},"95":{"start":{"line":322,"column":4},"end":{"line":322,"column":65}},"96":{"start":{"line":325,"column":0},"end":{"line":326,"column":42}}},"fnMap":{"0":{"name":"createAndAppendFrame","decl":{"start":{"line":7,"column":9},"end":{"line":7,"column":29}},"loc":{"start":{"line":7,"column":49},"end":{"line":82,"column":1}},"line":7},"1":{"name":"(anonymous_1)","decl":{"start":{"line":8,"column":23},"end":{"line":8,"column":24}},"loc":{"start":{"line":8,"column":44},"end":{"line":81,"column":5}},"line":8},"2":{"name":"(anonymous_2)","decl":{"start":{"line":10,"column":18},"end":{"line":10,"column":19}},"loc":{"start":{"line":10,"column":30},"end":{"line":10,"column":45}},"line":10},"3":{"name":"(anonymous_3)","decl":{"start":{"line":11,"column":18},"end":{"line":11,"column":19}},"loc":{"start":{"line":11,"column":26},"end":{"line":76,"column":13}},"line":11},"4":{"name":"(anonymous_4)","decl":{"start":{"line":63,"column":54},"end":{"line":63,"column":55}},"loc":{"start":{"line":63,"column":66},"end":{"line":65,"column":17}},"line":63},"5":{"name":"(anonymous_5)","decl":{"start":{"line":77,"column":19},"end":{"line":77,"column":20}},"loc":{"start":{"line":77,"column":28},"end":{"line":80,"column":13}},"line":77},"6":{"name":"clickPollutionInfo","decl":{"start":{"line":85,"column":9},"end":{"line":85,"column":27}},"loc":{"start":{"line":85,"column":48},"end":{"line":87,"column":1}},"line":85},"7":{"name":"createAndAppendDetailFrame","decl":{"start":{"line":90,"column":9},"end":{"line":90,"column":35}},"loc":{"start":{"line":90,"column":63},"end":{"line":128,"column":1}},"line":90},"8":{"name":"(anonymous_8)","decl":{"start":{"line":92,"column":14},"end":{"line":92,"column":15}},"loc":{"start":{"line":92,"column":26},"end":{"line":92,"column":41}},"line":92},"9":{"name":"(anonymous_9)","decl":{"start":{"line":93,"column":14},"end":{"line":93,"column":15}},"loc":{"start":{"line":93,"column":22},"end":{"line":127,"column":9}},"line":93},"10":{"name":"(anonymous_10)","decl":{"start":{"line":119,"column":50},"end":{"line":119,"column":51}},"loc":{"start":{"line":119,"column":62},"end":{"line":121,"column":13}},"line":119},"11":{"name":"getPollutantDetails","decl":{"start":{"line":131,"column":9},"end":{"line":131,"column":28}},"loc":{"start":{"line":131,"column":47},"end":{"line":277,"column":1}},"line":131},"12":{"name":"prepareNextFrame","decl":{"start":{"line":280,"column":9},"end":{"line":280,"column":25}},"loc":{"start":{"line":280,"column":39},"end":{"line":288,"column":1}},"line":280},"13":{"name":"closeFrame","decl":{"start":{"line":290,"column":9},"end":{"line":290,"column":19}},"loc":{"start":{"line":290,"column":29},"end":{"line":308,"column":1}},"line":290},"14":{"name":"toggleCompare","decl":{"start":{"line":310,"column":9},"end":{"line":310,"column":22}},"loc":{"start":{"line":310,"column":25},"end":{"line":316,"column":1}},"line":310},"15":{"name":"openNav","decl":{"start":{"line":318,"column":9},"end":{"line":318,"column":16}},"loc":{"start":{"line":318,"column":19},"end":{"line":323,"column":1}},"line":318}},"branchMap":{"0":{"loc":{"start":{"line":134,"column":4},"end":{"line":274,"column":5}},"type":"switch","locations":[{"start":{"line":135,"column":8},"end":{"line":152,"column":18}},{"start":{"line":154,"column":8},"end":{"line":168,"column":18}},{"start":{"line":170,"column":8},"end":{"line":185,"column":18}},{"start":{"line":187,"column":8},"end":{"line":201,"column":18}},{"start":{"line":203,"column":8},"end":{"line":217,"column":18}},{"start":{"line":219,"column":8},"end":{"line":233,"column":18}},{"start":{"line":235,"column":8},"end":{"line":249,"column":18}},{"start":{"line":251,"column":8},"end":{"line":265,"column":18}},{"start":{"line":268,"column":8},"end":{"line":273,"column":18}}],"line":134},"1":{"loc":{"start":{"line":281,"column":4},"end":{"line":287,"column":5}},"type":"if","locations":[{"start":{"line":281,"column":4},"end":{"line":287,"column":5}},{"start":{},"end":{}}],"line":281},"2":{"loc":{"start":{"line":292,"column":4},"end":{"line":294,"column":5}},"type":"if","locations":[{"start":{"line":292,"column":4},"end":{"line":294,"column":5}},{"start":{},"end":{}}],"line":292},"3":{"loc":{"start":{"line":298,"column":4},"end":{"line":301,"column":5}},"type":"if","locations":[{"start":{"line":298,"column":4},"end":{"line":301,"column":5}},{"start":{},"end":{}}],"line":298},"4":{"loc":{"start":{"line":305,"column":4},"end":{"line":307,"column":5}},"type":"if","locations":[{"start":{"line":305,"column":4},"end":{"line":307,"column":5}},{"start":{},"end":{}}],"line":305},"5":{"loc":{"start":{"line":313,"column":4},"end":{"line":315,"column":5}},"type":"if","locations":[{"start":{"line":313,"column":4},"end":{"line":315,"column":5}},{"start":{},"end":{}}],"line":313}},"s":{"0":1,"1":1,"2":1,"3":1,"4":1,"5":1,"6":1,"7":1,"8":1,"9":1,"10":1,"11":1,"12":1,"13":1,"14":1,"15":1,"16":1,"17":1,"18":1,"19":1,"20":8,"21":1,"22":1,"23":1,"24":1,"25":1,"26":0,"27":1,"28":1,"29":1,"30":1,"31":1,"32":0,"33":0,"34":0,"35":0,"36":0,"37":0,"38":0,"39":0,"40":0,"41":0,"42":0,"43":0,"44":0,"45":0,"46":0,"47":0,"48":0,"49":0,"50":0,"51":0,"52":0,"53":0,"54":0,"55":0,"56":0,"57":0,"58":0,"59":0,"60":0,"61":0,"62":0,"63":0,"64":0,"65":0,"66":0,"67":0,"68":0,"69":0,"70":0,"71":0,"72":0,"73":0,"74":0,"75":0,"76":0,"77":0,"78":0,"79":0,"80":0,"81":0,"82":0,"83":0,"84":0,"85":0,"86":0,"87":0,"88":0,"89":1,"90":1,"91":0,"92":0,"93":0,"94":0,"95":0,"96":1},"f":{"0":1,"1":1,"2":1,"3":1,"4":0,"5":0,"6":0,"7":0,"8":0,"9":0,"10":0,"11":0,"12":0,"13":0,"14":1,"15":0},"b":{"0":[0,0,0,0,0,0,0,0,0],"1":[0,0],"2":[0,0],"3":[0,0],"4":[0,0],"5":[0,1]},"_coverageSchema":"1a1c01bbd47fc00a2c39e90264f33305004495a9","hash":"07299d5950deddbbcfc8893720c83f8d22a883b1"}
,"C:\\Users\\malin\\Chalmers\\DAT257\\Agile-project-\\static\\pollution-buttons.js": {"path":"C:\\Users\\malin\\Chalmers\\DAT257\\Agile-project-\\static\\pollution-buttons.js","statementMap":{"0":{"start":{"line":2,"column":29},"end":{"line":2,"column":84}},"1":{"start":{"line":3,"column":4},"end":{"line":11,"column":7}},"2":{"start":{"line":4,"column":8},"end":{"line":10,"column":9}},"3":{"start":{"line":5,"column":27},"end":{"line":5,"column":59}},"4":{"start":{"line":6,"column":12},"end":{"line":6,"column":41}},"5":{"start":{"line":7,"column":12},"end":{"line":7,"column":48}},"6":{"start":{"line":8,"column":12},"end":{"line":8,"column":63}},"7":{"start":{"line":8,"column":35},"end":{"line":8,"column":62}},"8":{"start":{"line":9,"column":12},"end":{"line":9,"column":39}},"9":{"start":{"line":12,"column":2},"end":{"line":12,"column":40}}},"fnMap":{"0":{"name":"addButtonsToInfoBox","decl":{"start":{"line":1,"column":9},"end":{"line":1,"column":28}},"loc":{"start":{"line":1,"column":31},"end":{"line":12,"column":1}},"line":1},"1":{"name":"(anonymous_1)","decl":{"start":{"line":3,"column":29},"end":{"line":3,"column":30}},"loc":{"start":{"line":3,"column":39},"end":{"line":11,"column":5}},"line":3},"2":{"name":"(anonymous_2)","decl":{"start":{"line":8,"column":29},"end":{"line":8,"column":30}},"loc":{"start":{"line":8,"column":35},"end":{"line":8,"column":62}},"line":8}},"branchMap":{"0":{"loc":{"start":{"line":4,"column":8},"end":{"line":10,"column":9}},"type":"if","locations":[{"start":{"line":4,"column":8},"end":{"line":10,"column":9}},{"start":{},"end":{}}],"line":4}},"s":{"0":4,"1":4,"2":8,"3":8,"4":8,"5":8,"6":8,"7":2,"8":8,"9":1},"f":{"0":4,"1":8,"2":2},"b":{"0":[8,0]},"_coverageSchema":"1a1c01bbd47fc00a2c39e90264f33305004495a9","hash":"8b1703fe29a1ff2e16d6117d3e5c4abdaede1cac"}
}
