{"C:\\Users\\malin\\Chalmers\\DAT257\\Agile-project-\\static\\forecast-history.js": {"path":"C:\\Users\\malin\\Chalmers\\DAT257\\Agile-project-\\static\\forecast-history.js","statementMap":{"0":{"start":{"line":2,"column":21},"end":{"line":2,"column":75}},"1":{"start":{"line":3,"column":20},"end":{"line":3,"column":41}},"2":{"start":{"line":4,"column":4},"end":{"line":4,"column":47}},"3":{"start":{"line":5,"column":4},"end":{"line":5,"column":41}},"4":{"start":{"line":9,"column":21},"end":{"line":9,"column":75}},"5":{"start":{"line":10,"column":20},"end":{"line":10,"column":41}},"6":{"start":{"line":11,"column":4},"end":{"line":11,"column":37}},"7":{"start":{"line":15,"column":21},"end":{"line":15,"column":100}},"8":{"start":{"line":16,"column":20},"end":{"line":16,"column":41}},"9":{"start":{"line":17,"column":4},"end":{"line":17,"column":37}},"10":{"start":{"line":21,"column":15},"end":{"line":21,"column":25}},"11":{"start":{"line":22,"column":4},"end":{"line":22,"column":31}},"12":{"start":{"line":23,"column":4},"end":{"line":23,"column":27}},"13":{"start":{"line":24,"column":4},"end":{"line":24,"column":16}},"14":{"start":{"line":28,"column":15},"end":{"line":28,"column":25}},"15":{"start":{"line":29,"column":4},"end":{"line":29,"column":37}},"16":{"start":{"line":30,"column":4},"end":{"line":30,"column":31}},"17":{"start":{"line":31,"column":4},"end":{"line":31,"column":27}},"18":{"start":{"line":32,"column":4},"end":{"line":32,"column":16}},"19":{"start":{"line":36,"column":15},"end":{"line":36,"column":25}},"20":{"start":{"line":37,"column":4},"end":{"line":37,"column":37}},"21":{"start":{"line":38,"column":4},"end":{"line":38,"column":31}},"22":{"start":{"line":39,"column":4},"end":{"line":39,"column":27}},"23":{"start":{"line":40,"column":4},"end":{"line":40,"column":16}},"24":{"start":{"line":44,"column":15},"end":{"line":44,"column":25}},"25":{"start":{"line":45,"column":4},"end":{"line":45,"column":44}},"26":{"start":{"line":46,"column":4},"end":{"line":46,"column":31}},"27":{"start":{"line":47,"column":4},"end":{"line":47,"column":27}},"28":{"start":{"line":48,"column":4},"end":{"line":48,"column":16}},"29":{"start":{"line":52,"column":15},"end":{"line":52,"column":25}},"30":{"start":{"line":53,"column":4},"end":{"line":53,"column":45}},"31":{"start":{"line":54,"column":4},"end":{"line":54,"column":31}},"32":{"start":{"line":55,"column":4},"end":{"line":55,"column":27}},"33":{"start":{"line":56,"column":4},"end":{"line":56,"column":16}},"34":{"start":{"line":61,"column":15},"end":{"line":61,"column":29}},"35":{"start":{"line":62,"column":4},"end":{"line":62,"column":31}},"36":{"start":{"line":66,"column":23},"end":{"line":66,"column":69}},"37":{"start":{"line":67,"column":93},"end":{"line":67,"column":134}},"38":{"start":{"line":69,"column":15},"end":{"line":69,"column":95}},"39":{"start":{"line":70,"column":17},"end":{"line":75,"column":5}},"40":{"start":{"line":77,"column":4},"end":{"line":77,"column":52}},"41":{"start":{"line":81,"column":24},"end":{"line":81,"column":54}},"42":{"start":{"line":82,"column":93},"end":{"line":82,"column":135}},"43":{"start":{"line":84,"column":15},"end":{"line":84,"column":95}},"44":{"start":{"line":85,"column":17},"end":{"line":90,"column":5}},"45":{"start":{"line":92,"column":4},"end":{"line":92,"column":52}},"46":{"start":{"line":96,"column":24},"end":{"line":96,"column":33}},"47":{"start":{"line":97,"column":4},"end":{"line":97,"column":137}},"48":{"start":{"line":97,"column":44},"end":{"line":97,"column":135}},"49":{"start":{"line":99,"column":15},"end":{"line":99,"column":47}},"50":{"start":{"line":100,"column":20},"end":{"line":100,"column":54}},"51":{"start":{"line":102,"column":19},"end":{"line":102,"column":21}},"52":{"start":{"line":103,"column":4},"end":{"line":103,"column":77}},"53":{"start":{"line":103,"column":35},"end":{"line":103,"column":75}},"54":{"start":{"line":105,"column":20},"end":{"line":105,"column":22}},"55":{"start":{"line":106,"column":4},"end":{"line":106,"column":78}},"56":{"start":{"line":106,"column":35},"end":{"line":106,"column":76}},"57":{"start":{"line":108,"column":19},"end":{"line":108,"column":21}},"58":{"start":{"line":109,"column":4},"end":{"line":109,"column":77}},"59":{"start":{"line":109,"column":35},"end":{"line":109,"column":75}},"60":{"start":{"line":111,"column":20},"end":{"line":111,"column":22}},"61":{"start":{"line":112,"column":4},"end":{"line":112,"column":78}},"62":{"start":{"line":112,"column":35},"end":{"line":112,"column":76}},"63":{"start":{"line":114,"column":19},"end":{"line":114,"column":21}},"64":{"start":{"line":115,"column":4},"end":{"line":115,"column":77}},"65":{"start":{"line":115,"column":35},"end":{"line":115,"column":75}},"66":{"start":{"line":117,"column":21},"end":{"line":117,"column":23}},"67":{"start":{"line":118,"column":4},"end":{"line":118,"column":79}},"68":{"start":{"line":118,"column":35},"end":{"line":118,"column":77}},"69":{"start":{"line":120,"column":22},"end":{"line":120,"column":24}},"70":{"start":{"line":121,"column":4},"end":{"line":121,"column":80}},"71":{"start":{"line":121,"column":35},"end":{"line":121,"column":78}},"72":{"start":{"line":123,"column":20},"end":{"line":123,"column":22}},"73":{"start":{"line":124,"column":4},"end":{"line":124,"column":78}},"74":{"start":{"line":124,"column":35},"end":{"line":124,"column":76}},"75":{"start":{"line":126,"column":18},"end":{"line":131,"column":5}},"76":{"start":{"line":133,"column":19},"end":{"line":138,"column":5}},"77":{"start":{"line":140,"column":18},"end":{"line":145,"column":5}},"78":{"start":{"line":147,"column":19},"end":{"line":152,"column":5}},"79":{"start":{"line":154,"column":18},"end":{"line":159,"column":5}},"80":{"start":{"line":161,"column":20},"end":{"line":166,"column":5}},"81":{"start":{"line":168,"column":21},"end":{"line":173,"column":5}},"82":{"start":{"line":175,"column":19},"end":{"line":180,"column":5}},"83":{"start":{"line":181,"column":4},"end":{"line":181,"column":94}},"84":{"start":{"line":187,"column":4},"end":{"line":187,"column":35}},"85":{"start":{"line":188,"column":4},"end":{"line":230,"column":6}},"86":{"start":{"line":189,"column":22},"end":{"line":189,"column":37}},"87":{"start":{"line":191,"column":8},"end":{"line":191,"column":61}},"88":{"start":{"line":192,"column":8},"end":{"line":192,"column":69}},"89":{"start":{"line":193,"column":8},"end":{"line":193,"column":52}},"90":{"start":{"line":195,"column":8},"end":{"line":195,"column":65}},"91":{"start":{"line":196,"column":8},"end":{"line":196,"column":78}},"92":{"start":{"line":197,"column":8},"end":{"line":197,"column":68}},"93":{"start":{"line":199,"column":8},"end":{"line":199,"column":68}},"94":{"start":{"line":200,"column":8},"end":{"line":200,"column":61}},"95":{"start":{"line":201,"column":8},"end":{"line":201,"column":57}},"96":{"start":{"line":203,"column":8},"end":{"line":207,"column":9}},"97":{"start":{"line":209,"column":8},"end":{"line":209,"column":33}},"98":{"start":{"line":210,"column":8},"end":{"line":210,"column":50}},"99":{"start":{"line":212,"column":8},"end":{"line":212,"column":56}},"100":{"start":{"line":213,"column":8},"end":{"line":213,"column":49}},"101":{"start":{"line":215,"column":8},"end":{"line":215,"column":52}},"102":{"start":{"line":216,"column":8},"end":{"line":229,"column":9}},"103":{"start":{"line":234,"column":4},"end":{"line":234,"column":53}},"104":{"start":{"line":235,"column":4},"end":{"line":235,"column":57}},"105":{"start":{"line":236,"column":4},"end":{"line":236,"column":48}},"106":{"start":{"line":237,"column":4},"end":{"line":237,"column":35}},"107":{"start":{"line":240,"column":0},"end":{"line":242,"column":2}}},"fnMap":{"0":{"name":"getForecast24hours","decl":{"start":{"line":1,"column":15},"end":{"line":1,"column":33}},"loc":{"start":{"line":1,"column":43},"end":{"line":6,"column":1}},"line":1},"1":{"name":"getForecastAll","decl":{"start":{"line":8,"column":15},"end":{"line":8,"column":29}},"loc":{"start":{"line":8,"column":39},"end":{"line":12,"column":1}},"line":8},"2":{"name":"getHistory","decl":{"start":{"line":14,"column":15},"end":{"line":14,"column":25}},"loc":{"start":{"line":14,"column":45},"end":{"line":18,"column":1}},"line":14},"3":{"name":"getNow","decl":{"start":{"line":20,"column":9},"end":{"line":20,"column":15}},"loc":{"start":{"line":20,"column":17},"end":{"line":25,"column":1}},"line":20},"4":{"name":"getYesterday","decl":{"start":{"line":27,"column":9},"end":{"line":27,"column":21}},"loc":{"start":{"line":27,"column":23},"end":{"line":33,"column":1}},"line":27},"5":{"name":"getDate1WeekAgo","decl":{"start":{"line":35,"column":9},"end":{"line":35,"column":24}},"loc":{"start":{"line":35,"column":26},"end":{"line":41,"column":1}},"line":35},"6":{"name":"getDateXMonthsAgo","decl":{"start":{"line":43,"column":9},"end":{"line":43,"column":26}},"loc":{"start":{"line":43,"column":34},"end":{"line":49,"column":1}},"line":43},"7":{"name":"getDate1YearAgo","decl":{"start":{"line":51,"column":9},"end":{"line":51,"column":24}},"loc":{"start":{"line":51,"column":26},"end":{"line":57,"column":1}},"line":51},"8":{"name":"getUnixDateTime","decl":{"start":{"line":59,"column":9},"end":{"line":59,"column":24}},"loc":{"start":{"line":59,"column":30},"end":{"line":63,"column":1}},"line":59},"9":{"name":"drawHistoryGraph","decl":{"start":{"line":65,"column":15},"end":{"line":65,"column":31}},"loc":{"start":{"line":65,"column":61},"end":{"line":78,"column":1}},"line":65},"10":{"name":"drawForecastGraph","decl":{"start":{"line":80,"column":15},"end":{"line":80,"column":32}},"loc":{"start":{"line":80,"column":42},"end":{"line":93,"column":1}},"line":80},"11":{"name":"getTimeAndPollutionForGraph","decl":{"start":{"line":95,"column":9},"end":{"line":95,"column":36}},"loc":{"start":{"line":95,"column":57},"end":{"line":182,"column":1}},"line":95},"12":{"name":"(anonymous_12)","decl":{"start":{"line":97,"column":31},"end":{"line":97,"column":32}},"loc":{"start":{"line":97,"column":44},"end":{"line":97,"column":135}},"line":97},"13":{"name":"(anonymous_13)","decl":{"start":{"line":103,"column":22},"end":{"line":103,"column":23}},"loc":{"start":{"line":103,"column":35},"end":{"line":103,"column":75}},"line":103},"14":{"name":"(anonymous_14)","decl":{"start":{"line":106,"column":22},"end":{"line":106,"column":23}},"loc":{"start":{"line":106,"column":35},"end":{"line":106,"column":76}},"line":106},"15":{"name":"(anonymous_15)","decl":{"start":{"line":109,"column":22},"end":{"line":109,"column":23}},"loc":{"start":{"line":109,"column":35},"end":{"line":109,"column":75}},"line":109},"16":{"name":"(anonymous_16)","decl":{"start":{"line":112,"column":22},"end":{"line":112,"column":23}},"loc":{"start":{"line":112,"column":35},"end":{"line":112,"column":76}},"line":112},"17":{"name":"(anonymous_17)","decl":{"start":{"line":115,"column":22},"end":{"line":115,"column":23}},"loc":{"start":{"line":115,"column":35},"end":{"line":115,"column":75}},"line":115},"18":{"name":"(anonymous_18)","decl":{"start":{"line":118,"column":22},"end":{"line":118,"column":23}},"loc":{"start":{"line":118,"column":35},"end":{"line":118,"column":77}},"line":118},"19":{"name":"(anonymous_19)","decl":{"start":{"line":121,"column":22},"end":{"line":121,"column":23}},"loc":{"start":{"line":121,"column":35},"end":{"line":121,"column":78}},"line":121},"20":{"name":"(anonymous_20)","decl":{"start":{"line":124,"column":22},"end":{"line":124,"column":23}},"loc":{"start":{"line":124,"column":35},"end":{"line":124,"column":76}},"line":124},"21":{"name":"openForecastHistoryWindow","decl":{"start":{"line":186,"column":9},"end":{"line":186,"column":34}},"loc":{"start":{"line":186,"column":36},"end":{"line":231,"column":1}},"line":186},"22":{"name":"(anonymous_22)","decl":{"start":{"line":189,"column":10},"end":{"line":189,"column":11}},"loc":{"start":{"line":189,"column":22},"end":{"line":189,"column":37}},"line":189},"23":{"name":"(anonymous_23)","decl":{"start":{"line":190,"column":10},"end":{"line":190,"column":11}},"loc":{"start":{"line":190,"column":18},"end":{"line":230,"column":5}},"line":190},"24":{"name":"closeforeCastHistoryWindow","decl":{"start":{"line":233,"column":9},"end":{"line":233,"column":35}},"loc":{"start":{"line":233,"column":38},"end":{"line":238,"column":1}},"line":233}},"branchMap":{},"s":{"0":0,"1":0,"2":0,"3":0,"4":0,"5":0,"6":0,"7":0,"8":0,"9":0,"10":0,"11":0,"12":0,"13":0,"14":0,"15":0,"16":0,"17":0,"18":0,"19":0,"20":0,"21":0,"22":0,"23":0,"24":0,"25":0,"26":0,"27":0,"28":0,"29":0,"30":0,"31":0,"32":0,"33":0,"34":0,"35":0,"36":0,"37":0,"38":0,"39":0,"40":0,"41":0,"42":0,"43":0,"44":0,"45":0,"46":0,"47":0,"48":0,"49":0,"50":0,"51":0,"52":0,"53":0,"54":0,"55":0,"56":0,"57":0,"58":0,"59":0,"60":0,"61":0,"62":0,"63":0,"64":0,"65":0,"66":0,"67":0,"68":0,"69":0,"70":0,"71":0,"72":0,"73":0,"74":0,"75":0,"76":0,"77":0,"78":0,"79":0,"80":0,"81":0,"82":0,"83":0,"84":0,"85":0,"86":0,"87":0,"88":0,"89":0,"90":0,"91":0,"92":0,"93":0,"94":0,"95":0,"96":0,"97":0,"98":0,"99":0,"100":0,"101":0,"102":0,"103":0,"104":0,"105":0,"106":0,"107":1},"f":{"0":0,"1":0,"2":0,"3":0,"4":0,"5":0,"6":0,"7":0,"8":0,"9":0,"10":0,"11":0,"12":0,"13":0,"14":0,"15":0,"16":0,"17":0,"18":0,"19":0,"20":0,"21":0,"22":0,"23":0,"24":0},"b":{},"_coverageSchema":"1a1c01bbd47fc00a2c39e90264f33305004495a9","hash":"a9d7d8a43a9618d1eee15ee9d65e9617721675a9"}
,"C:\\Users\\malin\\Chalmers\\DAT257\\Agile-project-\\static\\location-data.js": {"path":"C:\\Users\\malin\\Chalmers\\DAT257\\Agile-project-\\static\\location-data.js","statementMap":{"0":{"start":{"line":5,"column":8},"end":{"line":5,"column":25}},"1":{"start":{"line":6,"column":8},"end":{"line":6,"column":37}},"2":{"start":{"line":7,"column":8},"end":{"line":7,"column":39}},"3":{"start":{"line":10,"column":8},"end":{"line":10,"column":62}},"4":{"start":{"line":13,"column":28},"end":{"line":13,"column":43}},"5":{"start":{"line":14,"column":8},"end":{"line":14,"column":54}},"6":{"start":{"line":17,"column":8},"end":{"line":17,"column":49}},"7":{"start":{"line":20,"column":8},"end":{"line":20,"column":74}},"8":{"start":{"line":23,"column":8},"end":{"line":23,"column":33}},"9":{"start":{"line":28,"column":21},"end":{"line":28,"column":109}},"10":{"start":{"line":29,"column":20},"end":{"line":29,"column":41}},"11":{"start":{"line":30,"column":4},"end":{"line":30,"column":40}},"12":{"start":{"line":34,"column":21},"end":{"line":34,"column":70}},"13":{"start":{"line":35,"column":20},"end":{"line":35,"column":41}},"14":{"start":{"line":36,"column":4},"end":{"line":36,"column":37}},"15":{"start":{"line":40,"column":15},"end":{"line":40,"column":45}},"16":{"start":{"line":41,"column":15},"end":{"line":41,"column":33}},"17":{"start":{"line":42,"column":16},"end":{"line":42,"column":33}},"18":{"start":{"line":43,"column":14},"end":{"line":43,"column":28}},"19":{"start":{"line":44,"column":16},"end":{"line":44,"column":31}},"20":{"start":{"line":45,"column":18},"end":{"line":45,"column":35}},"21":{"start":{"line":46,"column":18},"end":{"line":46,"column":35}},"22":{"start":{"line":49,"column":8},"end":{"line":51,"column":9}},"23":{"start":{"line":50,"column":12},"end":{"line":50,"column":40}},"24":{"start":{"line":52,"column":8},"end":{"line":52,"column":25}},"25":{"start":{"line":56,"column":4},"end":{"line":56,"column":31}},"26":{"start":{"line":57,"column":4},"end":{"line":57,"column":27}},"27":{"start":{"line":58,"column":4},"end":{"line":58,"column":31}},"28":{"start":{"line":59,"column":4},"end":{"line":59,"column":35}},"29":{"start":{"line":60,"column":4},"end":{"line":60,"column":35}},"30":{"start":{"line":62,"column":24},"end":{"line":62,"column":80}},"31":{"start":{"line":63,"column":4},"end":{"line":63,"column":25}},"32":{"start":{"line":69,"column":21},"end":{"line":69,"column":68}},"33":{"start":{"line":70,"column":20},"end":{"line":70,"column":41}},"34":{"start":{"line":71,"column":4},"end":{"line":71,"column":42}},"35":{"start":{"line":77,"column":18},"end":{"line":77,"column":19}},"36":{"start":{"line":78,"column":21},"end":{"line":78,"column":81}},"37":{"start":{"line":79,"column":20},"end":{"line":79,"column":41}},"38":{"start":{"line":80,"column":18},"end":{"line":80,"column":27}},"39":{"start":{"line":81,"column":4},"end":{"line":83,"column":5}},"40":{"start":{"line":82,"column":8},"end":{"line":82,"column":125}},"41":{"start":{"line":84,"column":4},"end":{"line":84,"column":19}},"42":{"start":{"line":89,"column":4},"end":{"line":89,"column":25}},"43":{"start":{"line":90,"column":4},"end":{"line":90,"column":25}},"44":{"start":{"line":91,"column":21},"end":{"line":91,"column":79}},"45":{"start":{"line":92,"column":20},"end":{"line":92,"column":41}},"46":{"start":{"line":93,"column":4},"end":{"line":93,"column":27}},"47":{"start":{"line":98,"column":4},"end":{"line":98,"column":25}},"48":{"start":{"line":99,"column":4},"end":{"line":99,"column":25}},"49":{"start":{"line":100,"column":21},"end":{"line":100,"column":79}},"50":{"start":{"line":101,"column":20},"end":{"line":101,"column":41}},"51":{"start":{"line":102,"column":4},"end":{"line":102,"column":50}},"52":{"start":{"line":109,"column":4},"end":{"line":122,"column":5}},"53":{"start":{"line":111,"column":12},"end":{"line":111,"column":39}},"54":{"start":{"line":113,"column":12},"end":{"line":113,"column":41}},"55":{"start":{"line":115,"column":12},"end":{"line":115,"column":44}},"56":{"start":{"line":117,"column":12},"end":{"line":117,"column":40}},"57":{"start":{"line":119,"column":12},"end":{"line":119,"column":45}},"58":{"start":{"line":121,"column":12},"end":{"line":121,"column":42}},"59":{"start":{"line":126,"column":4},"end":{"line":145,"column":5}},"60":{"start":{"line":128,"column":12},"end":{"line":128,"column":24}},"61":{"start":{"line":130,"column":12},"end":{"line":130,"column":25}},"62":{"start":{"line":132,"column":12},"end":{"line":132,"column":24}},"63":{"start":{"line":134,"column":12},"end":{"line":134,"column":25}},"64":{"start":{"line":136,"column":16},"end":{"line":136,"column":28}},"65":{"start":{"line":138,"column":16},"end":{"line":138,"column":30}},"66":{"start":{"line":140,"column":12},"end":{"line":140,"column":27}},"67":{"start":{"line":142,"column":12},"end":{"line":142,"column":25}},"68":{"start":{"line":144,"column":12},"end":{"line":144,"column":24}},"69":{"start":{"line":148,"column":0},"end":{"line":158,"column":2}}},"fnMap":{"0":{"name":"(anonymous_0)","decl":{"start":{"line":4,"column":4},"end":{"line":4,"column":5}},"loc":{"start":{"line":4,"column":67},"end":{"line":24,"column":5}},"line":4},"1":{"name":"getPollutionOpenAQ","decl":{"start":{"line":27,"column":15},"end":{"line":27,"column":33}},"loc":{"start":{"line":27,"column":52},"end":{"line":31,"column":1}},"line":27},"2":{"name":"getPollutionOpenWeather","decl":{"start":{"line":33,"column":15},"end":{"line":33,"column":38}},"loc":{"start":{"line":33,"column":48},"end":{"line":37,"column":1}},"line":33},"3":{"name":"formatTimeFromUnix","decl":{"start":{"line":39,"column":9},"end":{"line":39,"column":27}},"loc":{"start":{"line":39,"column":43},"end":{"line":64,"column":1}},"line":39},"4":{"name":"prependZero","decl":{"start":{"line":48,"column":13},"end":{"line":48,"column":24}},"loc":{"start":{"line":48,"column":35},"end":{"line":53,"column":5}},"line":48},"5":{"name":"geocode","decl":{"start":{"line":66,"column":15},"end":{"line":66,"column":22}},"loc":{"start":{"line":66,"column":25},"end":{"line":72,"column":1}},"line":66},"6":{"name":"geocodeMulti","decl":{"start":{"line":74,"column":15},"end":{"line":74,"column":27}},"loc":{"start":{"line":74,"column":30},"end":{"line":85,"column":1}},"line":74},"7":{"name":"reverseGeocode","decl":{"start":{"line":87,"column":15},"end":{"line":87,"column":29}},"loc":{"start":{"line":87,"column":38},"end":{"line":94,"column":1}},"line":87},"8":{"name":"reverseGeocodeStateCountry","decl":{"start":{"line":96,"column":15},"end":{"line":96,"column":41}},"loc":{"start":{"line":96,"column":50},"end":{"line":103,"column":1}},"line":96},"9":{"name":"getQualitativeValue","decl":{"start":{"line":105,"column":9},"end":{"line":105,"column":28}},"loc":{"start":{"line":105,"column":35},"end":{"line":123,"column":1}},"line":105},"10":{"name":"getFormattedPollutionName","decl":{"start":{"line":125,"column":9},"end":{"line":125,"column":34}},"loc":{"start":{"line":125,"column":41},"end":{"line":146,"column":1}},"line":125}},"branchMap":{"0":{"loc":{"start":{"line":49,"column":8},"end":{"line":51,"column":9}},"type":"if","locations":[{"start":{"line":49,"column":8},"end":{"line":51,"column":9}},{"start":{},"end":{}}],"line":49},"1":{"loc":{"start":{"line":109,"column":4},"end":{"line":122,"column":5}},"type":"switch","locations":[{"start":{"line":110,"column":8},"end":{"line":111,"column":39}},{"start":{"line":112,"column":8},"end":{"line":113,"column":41}},{"start":{"line":114,"column":8},"end":{"line":115,"column":44}},{"start":{"line":116,"column":8},"end":{"line":117,"column":40}},{"start":{"line":118,"column":8},"end":{"line":119,"column":45}},{"start":{"line":120,"column":8},"end":{"line":121,"column":42}}],"line":109},"2":{"loc":{"start":{"line":126,"column":4},"end":{"line":145,"column":5}},"type":"switch","locations":[{"start":{"line":127,"column":8},"end":{"line":128,"column":24}},{"start":{"line":129,"column":8},"end":{"line":130,"column":25}},{"start":{"line":131,"column":8},"end":{"line":132,"column":24}},{"start":{"line":133,"column":8},"end":{"line":134,"column":25}},{"start":{"line":135,"column":8},"end":{"line":136,"column":28}},{"start":{"line":137,"column":8},"end":{"line":138,"column":30}},{"start":{"line":139,"column":8},"end":{"line":140,"column":27}},{"start":{"line":141,"column":8},"end":{"line":142,"column":25}},{"start":{"line":143,"column":8},"end":{"line":144,"column":24}}],"line":126}},"s":{"0":1,"1":1,"2":1,"3":1,"4":1,"5":1,"6":1,"7":1,"8":1,"9":0,"10":0,"11":0,"12":0,"13":0,"14":0,"15":3,"16":3,"17":3,"18":3,"19":3,"20":3,"21":3,"22":15,"23":11,"24":15,"25":3,"26":3,"27":3,"28":3,"29":3,"30":3,"31":3,"32":1,"33":1,"34":0,"35":0,"36":0,"37":0,"38":0,"39":0,"40":0,"41":0,"42":0,"43":0,"44":0,"45":0,"46":0,"47":0,"48":0,"49":0,"50":0,"51":0,"52":6,"53":2,"54":0,"55":2,"56":0,"57":0,"58":2,"59":2,"60":0,"61":0,"62":0,"63":0,"64":0,"65":0,"66":0,"67":0,"68":2,"69":3},"f":{"0":1,"1":0,"2":0,"3":3,"4":15,"5":1,"6":0,"7":0,"8":0,"9":6,"10":2},"b":{"0":[11,4],"1":[2,0,2,0,0,2],"2":[0,0,0,0,0,0,0,0,2]},"_coverageSchema":"1a1c01bbd47fc00a2c39e90264f33305004495a9","hash":"5ea08974fbf91a2c8ba7481c02fe2418e994db42"}
,"C:\\Users\\malin\\Chalmers\\DAT257\\Agile-project-\\static\\location-frame.js": {"path":"C:\\Users\\malin\\Chalmers\\DAT257\\Agile-project-\\static\\location-frame.js","statementMap":{"0":{"start":{"line":2,"column":38},"end":{"line":2,"column":64}},"1":{"start":{"line":3,"column":16},"end":{"line":3,"column":18}},"2":{"start":{"line":4,"column":18},"end":{"line":4,"column":23}},"3":{"start":{"line":5,"column":25},"end":{"line":5,"column":27}},"4":{"start":{"line":8,"column":4},"end":{"line":81,"column":7}},"5":{"start":{"line":9,"column":8},"end":{"line":80,"column":15}},"6":{"start":{"line":10,"column":30},"end":{"line":10,"column":45}},"7":{"start":{"line":12,"column":33},"end":{"line":12,"column":62}},"8":{"start":{"line":13,"column":16},"end":{"line":13,"column":48}},"9":{"start":{"line":14,"column":16},"end":{"line":14,"column":52}},"10":{"start":{"line":16,"column":16},"end":{"line":16,"column":42}},"11":{"start":{"line":18,"column":32},"end":{"line":18,"column":66}},"12":{"start":{"line":20,"column":32},"end":{"line":20,"column":68}},"13":{"start":{"line":23,"column":33},"end":{"line":23,"column":58}},"14":{"start":{"line":24,"column":16},"end":{"line":24,"column":57}},"15":{"start":{"line":27,"column":16},"end":{"line":31,"column":28}},"16":{"start":{"line":33,"column":16},"end":{"line":33,"column":100}},"17":{"start":{"line":35,"column":16},"end":{"line":35,"column":87}},"18":{"start":{"line":36,"column":43},"end":{"line":36,"column":100}},"19":{"start":{"line":37,"column":16},"end":{"line":49,"column":17}},"20":{"start":{"line":38,"column":20},"end":{"line":48,"column":21}},"21":{"start":{"line":51,"column":16},"end":{"line":51,"column":126}},"22":{"start":{"line":53,"column":32},"end":{"line":53,"column":79}},"23":{"start":{"line":54,"column":16},"end":{"line":57,"column":83}},"24":{"start":{"line":62,"column":36},"end":{"line":62,"column":89}},"25":{"start":{"line":63,"column":16},"end":{"line":65,"column":19}},"26":{"start":{"line":64,"column":20},"end":{"line":64,"column":44}},"27":{"start":{"line":67,"column":38},"end":{"line":67,"column":78}},"28":{"start":{"line":68,"column":16},"end":{"line":68,"column":72}},"29":{"start":{"line":70,"column":16},"end":{"line":70,"column":43}},"30":{"start":{"line":72,"column":16},"end":{"line":72,"column":57}},"31":{"start":{"line":75,"column":16},"end":{"line":75,"column":34}},"32":{"start":{"line":79,"column":16},"end":{"line":79,"column":30}},"33":{"start":{"line":86,"column":4},"end":{"line":86,"column":36}},"34":{"start":{"line":91,"column":4},"end":{"line":133,"column":7}},"35":{"start":{"line":92,"column":4},"end":{"line":132,"column":11}},"36":{"start":{"line":93,"column":26},"end":{"line":93,"column":41}},"37":{"start":{"line":95,"column":29},"end":{"line":95,"column":58}},"38":{"start":{"line":96,"column":12},"end":{"line":96,"column":44}},"39":{"start":{"line":97,"column":12},"end":{"line":97,"column":48}},"40":{"start":{"line":99,"column":12},"end":{"line":99,"column":38}},"41":{"start":{"line":101,"column":28},"end":{"line":101,"column":62}},"42":{"start":{"line":103,"column":28},"end":{"line":103,"column":64}},"43":{"start":{"line":104,"column":12},"end":{"line":104,"column":42}},"44":{"start":{"line":106,"column":43},"end":{"line":106,"column":79}},"45":{"start":{"line":108,"column":30},"end":{"line":108,"column":80}},"46":{"start":{"line":110,"column":12},"end":{"line":114,"column":20}},"47":{"start":{"line":116,"column":28},"end":{"line":116,"column":75}},"48":{"start":{"line":117,"column":12},"end":{"line":117,"column":90}},"49":{"start":{"line":119,"column":32},"end":{"line":119,"column":85}},"50":{"start":{"line":120,"column":12},"end":{"line":122,"column":15}},"51":{"start":{"line":121,"column":16},"end":{"line":121,"column":40}},"52":{"start":{"line":124,"column":34},"end":{"line":124,"column":74}},"53":{"start":{"line":125,"column":12},"end":{"line":125,"column":68}},"54":{"start":{"line":127,"column":12},"end":{"line":127,"column":40}},"55":{"start":{"line":131,"column":12},"end":{"line":131,"column":26}},"56":{"start":{"line":138,"column":22},"end":{"line":138,"column":24}},"57":{"start":{"line":140,"column":4},"end":{"line":280,"column":5}},"58":{"start":{"line":142,"column":12},"end":{"line":157,"column":19}},"59":{"start":{"line":158,"column":12},"end":{"line":158,"column":18}},"60":{"start":{"line":161,"column":12},"end":{"line":173,"column":19}},"61":{"start":{"line":174,"column":12},"end":{"line":174,"column":18}},"62":{"start":{"line":177,"column":12},"end":{"line":190,"column":19}},"63":{"start":{"line":191,"column":12},"end":{"line":191,"column":18}},"64":{"start":{"line":194,"column":12},"end":{"line":206,"column":19}},"65":{"start":{"line":207,"column":12},"end":{"line":207,"column":18}},"66":{"start":{"line":210,"column":12},"end":{"line":222,"column":19}},"67":{"start":{"line":223,"column":12},"end":{"line":223,"column":18}},"68":{"start":{"line":226,"column":12},"end":{"line":238,"column":19}},"69":{"start":{"line":239,"column":12},"end":{"line":239,"column":18}},"70":{"start":{"line":242,"column":12},"end":{"line":254,"column":19}},"71":{"start":{"line":255,"column":12},"end":{"line":255,"column":18}},"72":{"start":{"line":258,"column":12},"end":{"line":270,"column":19}},"73":{"start":{"line":271,"column":12},"end":{"line":271,"column":18}},"74":{"start":{"line":275,"column":12},"end":{"line":278,"column":19}},"75":{"start":{"line":279,"column":12},"end":{"line":279,"column":18}},"76":{"start":{"line":282,"column":4},"end":{"line":282,"column":23}},"77":{"start":{"line":287,"column":4},"end":{"line":293,"column":5}},"78":{"start":{"line":289,"column":8},"end":{"line":292,"column":9}},"79":{"start":{"line":290,"column":28},"end":{"line":290,"column":43}},"80":{"start":{"line":291,"column":12},"end":{"line":291,"column":32}},"81":{"start":{"line":297,"column":18},"end":{"line":297,"column":50}},"82":{"start":{"line":298,"column":4},"end":{"line":300,"column":5}},"83":{"start":{"line":299,"column":8},"end":{"line":299,"column":23}},"84":{"start":{"line":303,"column":21},"end":{"line":303,"column":46}},"85":{"start":{"line":304,"column":4},"end":{"line":307,"column":5}},"86":{"start":{"line":305,"column":8},"end":{"line":305,"column":25}},"87":{"start":{"line":306,"column":8},"end":{"line":306,"column":41}},"88":{"start":{"line":310,"column":18},"end":{"line":310,"column":44}},"89":{"start":{"line":311,"column":4},"end":{"line":313,"column":5}},"90":{"start":{"line":312,"column":8},"end":{"line":312,"column":35}},"91":{"start":{"line":317,"column":4},"end":{"line":317,"column":31}},"92":{"start":{"line":319,"column":4},"end":{"line":321,"column":5}},"93":{"start":{"line":320,"column":8},"end":{"line":320,"column":38}},"94":{"start":{"line":325,"column":4},"end":{"line":325,"column":61}},"95":{"start":{"line":326,"column":4},"end":{"line":326,"column":69}},"96":{"start":{"line":327,"column":4},"end":{"line":327,"column":62}},"97":{"start":{"line":328,"column":4},"end":{"line":328,"column":65}},"98":{"start":{"line":331,"column":0},"end":{"line":332,"column":83}}},"fnMap":{"0":{"name":"createAndAppendFrame","decl":{"start":{"line":7,"column":9},"end":{"line":7,"column":29}},"loc":{"start":{"line":7,"column":49},"end":{"line":82,"column":1}},"line":7},"1":{"name":"(anonymous_1)","decl":{"start":{"line":8,"column":23},"end":{"line":8,"column":24}},"loc":{"start":{"line":8,"column":44},"end":{"line":81,"column":5}},"line":8},"2":{"name":"(anonymous_2)","decl":{"start":{"line":10,"column":18},"end":{"line":10,"column":19}},"loc":{"start":{"line":10,"column":30},"end":{"line":10,"column":45}},"line":10},"3":{"name":"(anonymous_3)","decl":{"start":{"line":11,"column":18},"end":{"line":11,"column":19}},"loc":{"start":{"line":11,"column":26},"end":{"line":76,"column":13}},"line":11},"4":{"name":"(anonymous_4)","decl":{"start":{"line":63,"column":54},"end":{"line":63,"column":55}},"loc":{"start":{"line":63,"column":66},"end":{"line":65,"column":17}},"line":63},"5":{"name":"(anonymous_5)","decl":{"start":{"line":77,"column":19},"end":{"line":77,"column":20}},"loc":{"start":{"line":77,"column":28},"end":{"line":80,"column":13}},"line":77},"6":{"name":"clickPollutionInfo","decl":{"start":{"line":85,"column":9},"end":{"line":85,"column":27}},"loc":{"start":{"line":85,"column":48},"end":{"line":87,"column":1}},"line":85},"7":{"name":"createAndAppendDetailFrame","decl":{"start":{"line":90,"column":9},"end":{"line":90,"column":35}},"loc":{"start":{"line":90,"column":63},"end":{"line":134,"column":1}},"line":90},"8":{"name":"(anonymous_8)","decl":{"start":{"line":91,"column":23},"end":{"line":91,"column":24}},"loc":{"start":{"line":91,"column":44},"end":{"line":133,"column":5}},"line":91},"9":{"name":"(anonymous_9)","decl":{"start":{"line":93,"column":14},"end":{"line":93,"column":15}},"loc":{"start":{"line":93,"column":26},"end":{"line":93,"column":41}},"line":93},"10":{"name":"(anonymous_10)","decl":{"start":{"line":94,"column":14},"end":{"line":94,"column":15}},"loc":{"start":{"line":94,"column":22},"end":{"line":128,"column":9}},"line":94},"11":{"name":"(anonymous_11)","decl":{"start":{"line":120,"column":50},"end":{"line":120,"column":51}},"loc":{"start":{"line":120,"column":62},"end":{"line":122,"column":13}},"line":120},"12":{"name":"(anonymous_12)","decl":{"start":{"line":129,"column":15},"end":{"line":129,"column":16}},"loc":{"start":{"line":129,"column":24},"end":{"line":132,"column":9}},"line":129},"13":{"name":"getPollutantDetails","decl":{"start":{"line":137,"column":9},"end":{"line":137,"column":28}},"loc":{"start":{"line":137,"column":47},"end":{"line":283,"column":1}},"line":137},"14":{"name":"prepareNextFrame","decl":{"start":{"line":286,"column":9},"end":{"line":286,"column":25}},"loc":{"start":{"line":286,"column":39},"end":{"line":294,"column":1}},"line":286},"15":{"name":"closeFrame","decl":{"start":{"line":296,"column":9},"end":{"line":296,"column":19}},"loc":{"start":{"line":296,"column":29},"end":{"line":314,"column":1}},"line":296},"16":{"name":"toggleCompare","decl":{"start":{"line":316,"column":9},"end":{"line":316,"column":22}},"loc":{"start":{"line":316,"column":25},"end":{"line":322,"column":1}},"line":316},"17":{"name":"openNav","decl":{"start":{"line":324,"column":9},"end":{"line":324,"column":16}},"loc":{"start":{"line":324,"column":19},"end":{"line":329,"column":1}},"line":324}},"branchMap":{"0":{"loc":{"start":{"line":140,"column":4},"end":{"line":280,"column":5}},"type":"switch","locations":[{"start":{"line":141,"column":8},"end":{"line":158,"column":18}},{"start":{"line":160,"column":8},"end":{"line":174,"column":18}},{"start":{"line":176,"column":8},"end":{"line":191,"column":18}},{"start":{"line":193,"column":8},"end":{"line":207,"column":18}},{"start":{"line":209,"column":8},"end":{"line":223,"column":18}},{"start":{"line":225,"column":8},"end":{"line":239,"column":18}},{"start":{"line":241,"column":8},"end":{"line":255,"column":18}},{"start":{"line":257,"column":8},"end":{"line":271,"column":18}},{"start":{"line":274,"column":8},"end":{"line":279,"column":18}}],"line":140},"1":{"loc":{"start":{"line":287,"column":4},"end":{"line":293,"column":5}},"type":"if","locations":[{"start":{"line":287,"column":4},"end":{"line":293,"column":5}},{"start":{},"end":{}}],"line":287},"2":{"loc":{"start":{"line":298,"column":4},"end":{"line":300,"column":5}},"type":"if","locations":[{"start":{"line":298,"column":4},"end":{"line":300,"column":5}},{"start":{},"end":{}}],"line":298},"3":{"loc":{"start":{"line":304,"column":4},"end":{"line":307,"column":5}},"type":"if","locations":[{"start":{"line":304,"column":4},"end":{"line":307,"column":5}},{"start":{},"end":{}}],"line":304},"4":{"loc":{"start":{"line":311,"column":4},"end":{"line":313,"column":5}},"type":"if","locations":[{"start":{"line":311,"column":4},"end":{"line":313,"column":5}},{"start":{},"end":{}}],"line":311},"5":{"loc":{"start":{"line":319,"column":4},"end":{"line":321,"column":5}},"type":"if","locations":[{"start":{"line":319,"column":4},"end":{"line":321,"column":5}},{"start":{},"end":{}}],"line":319}},"s":{"0":1,"1":1,"2":1,"3":1,"4":0,"5":0,"6":0,"7":0,"8":0,"9":0,"10":0,"11":0,"12":0,"13":0,"14":0,"15":0,"16":0,"17":0,"18":0,"19":0,"20":0,"21":0,"22":0,"23":0,"24":0,"25":0,"26":0,"27":0,"28":0,"29":0,"30":0,"31":0,"32":0,"33":1,"34":0,"35":0,"36":0,"37":0,"38":0,"39":0,"40":0,"41":0,"42":0,"43":0,"44":0,"45":0,"46":0,"47":0,"48":0,"49":0,"50":0,"51":0,"52":0,"53":0,"54":0,"55":0,"56":9,"57":9,"58":1,"59":1,"60":1,"61":1,"62":1,"63":1,"64":1,"65":1,"66":1,"67":1,"68":1,"69":1,"70":1,"71":1,"72":1,"73":1,"74":1,"75":1,"76":9,"77":0,"78":0,"79":0,"80":0,"81":0,"82":0,"83":0,"84":0,"85":0,"86":0,"87":0,"88":0,"89":0,"90":0,"91":0,"92":0,"93":0,"94":0,"95":0,"96":0,"97":0,"98":1},"f":{"0":0,"1":0,"2":0,"3":0,"4":0,"5":0,"6":1,"7":0,"8":0,"9":0,"10":0,"11":0,"12":0,"13":9,"14":0,"15":0,"16":0,"17":0},"b":{"0":[1,1,1,1,1,1,1,1,1],"1":[0,0],"2":[0,0],"3":[0,0],"4":[0,0],"5":[0,0]},"_coverageSchema":"1a1c01bbd47fc00a2c39e90264f33305004495a9","hash":"e7ddd8689c09e18e17ee67418680a86ab248e050"}
,"C:\\Users\\malin\\Chalmers\\DAT257\\Agile-project-\\static\\pollution-buttons.js": {"path":"C:\\Users\\malin\\Chalmers\\DAT257\\Agile-project-\\static\\pollution-buttons.js","statementMap":{"0":{"start":{"line":2,"column":29},"end":{"line":2,"column":84}},"1":{"start":{"line":3,"column":4},"end":{"line":11,"column":7}},"2":{"start":{"line":4,"column":8},"end":{"line":10,"column":9}},"3":{"start":{"line":5,"column":27},"end":{"line":5,"column":59}},"4":{"start":{"line":6,"column":12},"end":{"line":6,"column":41}},"5":{"start":{"line":7,"column":12},"end":{"line":7,"column":48}},"6":{"start":{"line":8,"column":12},"end":{"line":8,"column":63}},"7":{"start":{"line":8,"column":35},"end":{"line":8,"column":62}},"8":{"start":{"line":9,"column":12},"end":{"line":9,"column":39}},"9":{"start":{"line":12,"column":2},"end":{"line":12,"column":40}}},"fnMap":{"0":{"name":"addButtonsToInfoBox","decl":{"start":{"line":1,"column":9},"end":{"line":1,"column":28}},"loc":{"start":{"line":1,"column":31},"end":{"line":12,"column":1}},"line":1},"1":{"name":"(anonymous_1)","decl":{"start":{"line":3,"column":29},"end":{"line":3,"column":30}},"loc":{"start":{"line":3,"column":39},"end":{"line":11,"column":5}},"line":3},"2":{"name":"(anonymous_2)","decl":{"start":{"line":8,"column":29},"end":{"line":8,"column":30}},"loc":{"start":{"line":8,"column":35},"end":{"line":8,"column":62}},"line":8}},"branchMap":{"0":{"loc":{"start":{"line":4,"column":8},"end":{"line":10,"column":9}},"type":"if","locations":[{"start":{"line":4,"column":8},"end":{"line":10,"column":9}},{"start":{},"end":{}}],"line":4}},"s":{"0":4,"1":4,"2":8,"3":8,"4":8,"5":8,"6":8,"7":2,"8":8,"9":1},"f":{"0":4,"1":8,"2":2},"b":{"0":[8,0]},"_coverageSchema":"1a1c01bbd47fc00a2c39e90264f33305004495a9","hash":"8b1703fe29a1ff2e16d6117d3e5c4abdaede1cac"}
}
