TN:
SF:static\location-data.js
FN:4,(anonymous_0)
FN:27,getPollutionOpenAQ
FN:33,getPollutionOpenWeather
FN:39,formatTimeFromUnix
FN:48,prependZero
FN:66,geocode
FN:74,geocodeMulti
FN:87,reverseGeocode
FN:96,reverseGeocodeStateCountry
FN:105,getQualitativeValue
FN:125,getFormattedPollutionName
FNF:11
FNH:0
FNDA:0,(anonymous_0)
FNDA:0,getPollutionOpenAQ
FNDA:0,getPollutionOpenWeather
FNDA:0,formatTimeFromUnix
FNDA:0,prependZero
FNDA:0,geocode
FNDA:0,geocodeMulti
FNDA:0,reverseGeocode
FNDA:0,reverseGeocodeStateCountry
FNDA:0,getQualitativeValue
FNDA:0,getFormattedPollutionName
DA:5,0
DA:6,0
DA:7,0
DA:10,0
DA:13,0
DA:14,0
DA:17,0
DA:20,0
DA:23,0
DA:28,0
DA:29,0
DA:30,0
DA:34,0
DA:35,0
DA:36,0
DA:40,0
DA:41,0
DA:42,0
DA:43,0
DA:44,0
DA:45,0
DA:46,0
DA:49,0
DA:50,0
DA:52,0
DA:56,0
DA:57,0
DA:58,0
DA:59,0
DA:60,0
DA:62,0
DA:63,0
DA:69,0
DA:70,0
DA:71,0
DA:77,0
DA:78,0
DA:79,0
DA:80,0
DA:81,0
DA:82,0
DA:84,0
DA:89,0
DA:90,0
DA:91,0
DA:92,0
DA:93,0
DA:98,0
DA:99,0
DA:100,0
DA:101,0
DA:102,0
DA:109,0
DA:111,0
DA:113,0
DA:115,0
DA:117,0
DA:119,0
DA:121,0
DA:126,0
DA:128,0
DA:130,0
DA:132,0
DA:134,0
DA:136,0
DA:138,0
DA:140,0
DA:142,0
DA:144,0
DA:158,1
LF:70
LH:1
BRDA:49,0,0,0
BRDA:49,0,1,0
BRDA:109,1,0,0
BRDA:109,1,1,0
BRDA:109,1,2,0
BRDA:109,1,3,0
BRDA:109,1,4,0
BRDA:109,1,5,0
BRDA:126,2,0,0
BRDA:126,2,1,0
BRDA:126,2,2,0
BRDA:126,2,3,0
BRDA:126,2,4,0
BRDA:126,2,5,0
BRDA:126,2,6,0
BRDA:126,2,7,0
BRDA:126,2,8,0
BRF:17
BRH:0
end_of_record
TN:
SF:static\pollution-buttons.js
FN:1,addButtonsToInfoBox
FN:3,(anonymous_1)
FN:8,(anonymous_2)
FNF:3
FNH:3
FNDA:4,addButtonsToInfoBox
FNDA:8,(anonymous_1)
FNDA:2,(anonymous_2)
DA:2,4
DA:3,4
DA:4,8
DA:5,8
DA:6,8
DA:7,8
DA:8,8
DA:9,8
DA:12,1
LF:9
LH:9
BRDA:4,0,0,8
BRDA:4,0,1,0
BRF:2
BRH:1
end_of_record
