TN:
SF:static\location-data.js
FN:4,(anonymous_0)
FN:27,getPollutionOpenAQ
FN:33,getPollutionOpenWeather
FN:39,formatTimeFromUnix
FN:48,prependZero
FN:66,geocode
FN:74,geocodeMulti
FN:87,reverseGeocode
FN:96,reverseGeocodeStateCountry
FN:105,getQualitativeValue
FN:125,getFormattedPollutionName
FNF:11
FNH:1
FNDA:0,(anonymous_0)
FNDA:0,getPollutionOpenAQ
FNDA:0,getPollutionOpenWeather
FNDA:0,formatTimeFromUnix
FNDA:0,prependZero
FNDA:0,geocode
FNDA:0,geocodeMulti
FNDA:0,reverseGeocode
FNDA:0,reverseGeocodeStateCountry
FNDA:0,getQualitativeValue
FNDA:8,getFormattedPollutionName
DA:5,0
DA:6,0
DA:7,0
DA:10,0
DA:13,0
DA:14,0
DA:17,0
DA:20,0
DA:23,0
DA:28,0
DA:29,0
DA:30,0
DA:34,0
DA:35,0
DA:36,0
DA:40,0
DA:41,0
DA:42,0
DA:43,0
DA:44,0
DA:45,0
DA:46,0
DA:49,0
DA:50,0
DA:52,0
DA:56,0
DA:57,0
DA:58,0
DA:59,0
DA:60,0
DA:62,0
DA:63,0
DA:69,0
DA:70,0
DA:71,0
DA:77,0
DA:78,0
DA:79,0
DA:80,0
DA:81,0
DA:82,0
DA:84,0
DA:89,0
DA:90,0
DA:91,0
DA:92,0
DA:93,0
DA:98,0
DA:99,0
DA:100,0
DA:101,0
DA:102,0
DA:109,0
DA:111,0
DA:113,0
DA:115,0
DA:117,0
DA:119,0
DA:121,0
DA:126,8
DA:128,1
DA:130,1
DA:132,1
DA:134,1
DA:136,1
DA:138,1
DA:140,1
DA:142,1
DA:144,0
DA:157,1
LF:70
LH:10
BRDA:49,0,0,0
BRDA:49,0,1,0
BRDA:109,1,0,0
BRDA:109,1,1,0
BRDA:109,1,2,0
BRDA:109,1,3,0
BRDA:109,1,4,0
BRDA:109,1,5,0
BRDA:126,2,0,1
BRDA:126,2,1,1
BRDA:126,2,2,1
BRDA:126,2,3,1
BRDA:126,2,4,1
BRDA:126,2,5,1
BRDA:126,2,6,1
BRDA:126,2,7,1
BRDA:126,2,8,0
BRF:17
BRH:8
end_of_record
TN:
SF:static\location-frame.js
FN:7,createAndAppendFrame
FN:8,(anonymous_1)
FN:10,(anonymous_2)
FN:11,(anonymous_3)
FN:63,(anonymous_4)
FN:77,(anonymous_5)
FN:85,clickPollutionInfo
FN:90,createAndAppendDetailFrame
FN:92,(anonymous_8)
FN:93,(anonymous_9)
FN:119,(anonymous_10)
FN:131,getPollutantDetails
FN:280,prepareNextFrame
FN:290,closeFrame
FN:310,toggleCompare
FN:318,openNav
FNF:16
FNH:5
FNDA:1,createAndAppendFrame
FNDA:1,(anonymous_1)
FNDA:1,(anonymous_2)
FNDA:1,(anonymous_3)
FNDA:0,(anonymous_4)
FNDA:0,(anonymous_5)
FNDA:0,clickPollutionInfo
FNDA:0,createAndAppendDetailFrame
FNDA:0,(anonymous_8)
FNDA:0,(anonymous_9)
FNDA:0,(anonymous_10)
FNDA:0,getPollutantDetails
FNDA:0,prepareNextFrame
FNDA:0,closeFrame
FNDA:1,toggleCompare
FNDA:0,openNav
DA:2,1
DA:3,1
DA:4,1
DA:5,1
DA:8,1
DA:9,1
DA:10,1
DA:12,1
DA:13,1
DA:14,1
DA:16,1
DA:18,1
DA:20,1
DA:23,1
DA:24,1
DA:27,1
DA:33,1
DA:35,1
DA:36,1
DA:37,1
DA:38,8
DA:51,1
DA:53,1
DA:54,1
DA:62,1
DA:63,1
DA:64,0
DA:67,1
DA:68,1
DA:70,1
DA:72,1
DA:75,1
DA:79,0
DA:86,0
DA:91,0
DA:92,0
DA:94,0
DA:95,0
DA:96,0
DA:98,0
DA:100,0
DA:102,0
DA:103,0
DA:105,0
DA:107,0
DA:109,0
DA:115,0
DA:116,0
DA:118,0
DA:119,0
DA:120,0
DA:123,0
DA:124,0
DA:126,0
DA:132,0
DA:134,0
DA:136,0
DA:152,0
DA:155,0
DA:168,0
DA:171,0
DA:185,0
DA:188,0
DA:201,0
DA:204,0
DA:217,0
DA:220,0
DA:233,0
DA:236,0
DA:249,0
DA:252,0
DA:265,0
DA:269,0
DA:273,0
DA:276,0
DA:281,0
DA:283,0
DA:284,0
DA:285,0
DA:291,0
DA:292,0
DA:293,0
DA:297,0
DA:298,0
DA:299,0
DA:300,0
DA:304,0
DA:305,0
DA:306,0
DA:311,1
DA:313,1
DA:314,0
DA:319,0
DA:320,0
DA:321,0
DA:322,0
DA:325,1
LF:97
LH:34
BRDA:134,0,0,0
BRDA:134,0,1,0
BRDA:134,0,2,0
BRDA:134,0,3,0
BRDA:134,0,4,0
BRDA:134,0,5,0
BRDA:134,0,6,0
BRDA:134,0,7,0
BRDA:134,0,8,0
BRDA:281,1,0,0
BRDA:281,1,1,0
BRDA:292,2,0,0
BRDA:292,2,1,0
BRDA:298,3,0,0
BRDA:298,3,1,0
BRDA:305,4,0,0
BRDA:305,4,1,0
BRDA:313,5,0,0
BRDA:313,5,1,1
BRF:19
BRH:1
end_of_record
TN:
SF:static\pollution-buttons.js
FN:1,addButtonsToInfoBox
FN:3,(anonymous_1)
FN:8,(anonymous_2)
FNF:3
FNH:3
FNDA:4,addButtonsToInfoBox
FNDA:8,(anonymous_1)
FNDA:2,(anonymous_2)
DA:2,4
DA:3,4
DA:4,8
DA:5,8
DA:6,8
DA:7,8
DA:8,8
DA:9,8
DA:12,1
LF:9
LH:9
BRDA:4,0,0,8
BRDA:4,0,1,0
BRF:2
BRH:1
end_of_record
